# JRE version: OpenJDK Runtime Environment (8.0_242-b01) (build 1.8.0_242-release-1644-b01)
# Java VM: OpenJDK 64-Bit Server VM (25.242-b01 mixed mode windows-amd64 compressed oops)
Heap:
 PSYoungGen      total 175616K, used 24056K [0x00000000e0000000, 0x00000000eca80000, 0x0000000100000000)
  eden space 155136K, 15% used [0x00000000e0000000,0x00000000e177e138,0x00000000e9780000)
  from space 20480K, 0% used [0x00000000eab00000,0x00000000eab00000,0x00000000ebf00000)
  to   space 19968K, 0% used [0x00000000e9780000,0x00000000e9780000,0x00000000eab00000)
 ParOldGen       total 92160K, used 34429K [0x00000000a0000000, 0x00000000a5a00000, 0x00000000e0000000)
  object space 92160K, 37% used [0x00000000a0000000,0x00000000a219f528,0x00000000a5a00000)
 Metaspace       used 58952K, capacity 60766K, committed 60928K, reserved 1101824K
  class space    used 8040K, capacity 8423K, committed 8448K, reserved 1048576K
GC Heap History (10 events):
Event: 34.857 GC heap before
{Heap before GC invocations=13 (full 2):
 PSYoungGen      total 115200K, used 114912K [0x00000000e0000000, 0x00000000e9180000, 0x0000000100000000)
  eden space 113664K, 100% used [0x00000000e0000000,0x00000000e6f00000,0x00000000e6f00000)
  from space 1536K, 81% used [0x00000000e9000000,0x00000000e9138020,0x00000000e9180000)
  to   space 13824K, 0% used [0x00000000e7680000,0x00000000e7680000,0x00000000e8400000)
 ParOldGen       total 92160K, used 18712K [0x00000000a0000000, 0x00000000a5a00000, 0x00000000e0000000)
  object space 92160K, 20% used [0x00000000a0000000,0x00000000a1246240,0x00000000a5a00000)
 Metaspace       used 35778K, capacity 36700K, committed 36992K, reserved 1081344K
  class space    used 4870K, capacity 5133K, committed 5248K, reserved 1048576K
Event: 34.858 GC heap after
Heap after GC invocations=13 (full 2):
 PSYoungGen      total 135168K, used 800K [0x00000000e0000000, 0x00000000e9e00000, 0x0000000100000000)
  eden space 121344K, 0% used [0x00000000e0000000,0x00000000e0000000,0x00000000e7680000)
  from space 13824K, 5% used [0x00000000e7680000,0x00000000e7748020,0x00000000e8400000)
  to   space 13824K, 0% used [0x00000000e9080000,0x00000000e9080000,0x00000000e9e00000)
 ParOldGen       total 92160K, used 18720K [0x00000000a0000000, 0x00000000a5a00000, 0x00000000e0000000)
  object space 92160K, 20% used [0x00000000a0000000,0x00000000a1248240,0x00000000a5a00000)
 Metaspace       used 35778K, capacity 36700K, committed 36992K, reserved 1081344K
  class space    used 4870K, capacity 5133K, committed 5248K, reserved 1048576K
}
Event: 36.967 GC heap before
{Heap before GC invocations=14 (full 2):
 PSYoungGen      total 135168K, used 122144K [0x00000000e0000000, 0x00000000e9e00000, 0x0000000100000000)
  eden space 121344K, 100% used [0x00000000e0000000,0x00000000e7680000,0x00000000e7680000)
  from space 13824K, 5% used [0x00000000e7680000,0x00000000e7748020,0x00000000e8400000)
  to   space 13824K, 0% used [0x00000000e9080000,0x00000000e9080000,0x00000000e9e00000)
 ParOldGen       total 92160K, used 18720K [0x00000000a0000000, 0x00000000a5a00000, 0x00000000e0000000)
  object space 92160K, 20% used [0x00000000a0000000,0x00000000a1248240,0x00000000a5a00000)
 Metaspace       used 44919K, capacity 46072K, committed 46336K, reserved 1089536K
  class space    used 6024K, capacity 6307K, committed 6400K, reserved 1048576K
Event: 36.979 GC heap after
Heap after GC invocations=14 (full 2):
 PSYoungGen      total 145408K, used 13803K [0x00000000e0000000, 0x00000000eab00000, 0x0000000100000000)
  eden space 131584K, 0% used [0x00000000e0000000,0x00000000e0000000,0x00000000e8080000)
  from space 13824K, 99% used [0x00000000e9080000,0x00000000e9dfafb8,0x00000000e9e00000)
  to   space 16384K, 0% used [0x00000000e8080000,0x00000000e8080000,0x00000000e9080000)
 ParOldGen       total 92160K, used 18912K [0x00000000a0000000, 0x00000000a5a00000, 0x00000000e0000000)
  object space 92160K, 20% used [0x00000000a0000000,0x00000000a1278070,0x00000000a5a00000)
 Metaspace       used 44919K, capacity 46072K, committed 46336K, reserved 1089536K
  class space    used 6024K, capacity 6307K, committed 6400K, reserved 1048576K
}
Event: 38.605 GC heap before
{Heap before GC invocations=15 (full 2):
 PSYoungGen      total 145408K, used 145387K [0x00000000e0000000, 0x00000000eab00000, 0x0000000100000000)
  eden space 131584K, 100% used [0x00000000e0000000,0x00000000e8080000,0x00000000e8080000)
  from space 13824K, 99% used [0x00000000e9080000,0x00000000e9dfafb8,0x00000000e9e00000)
  to   space 16384K, 0% used [0x00000000e8080000,0x00000000e8080000,0x00000000e9080000)
 ParOldGen       total 92160K, used 18912K [0x00000000a0000000, 0x00000000a5a00000, 0x00000000e0000000)
  object space 92160K, 20% used [0x00000000a0000000,0x00000000a1278070,0x00000000a5a00000)
 Metaspace       used 55770K, capacity 57584K, committed 57728K, reserved 1099776K
  class space    used 7564K, capacity 7976K, committed 8064K, reserved 1048576K
Event: 38.617 GC heap after
Heap after GC invocations=15 (full 2):
 PSYoungGen      total 147968K, used 16363K [0x00000000e0000000, 0x00000000ebf00000, 0x0000000100000000)
  eden space 131584K, 0% used [0x00000000e0000000,0x00000000e0000000,0x00000000e8080000)
  from space 16384K, 99% used [0x00000000e8080000,0x00000000e907aef8,0x00000000e9080000)
  to   space 20480K, 0% used [0x00000000eab00000,0x00000000eab00000,0x00000000ebf00000)
 ParOldGen       total 92160K, used 23538K [0x00000000a0000000, 0x00000000a5a00000, 0x00000000e0000000)
  object space 92160K, 25% used [0x00000000a0000000,0x00000000a16fcad0,0x00000000a5a00000)
 Metaspace       used 55770K, capacity 57584K, committed 57728K, reserved 1099776K
  class space    used 7564K, capacity 7976K, committed 8064K, reserved 1048576K
}
Event: 38.929 GC heap before
{Heap before GC invocations=16 (full 2):
 PSYoungGen      total 147968K, used 50383K [0x00000000e0000000, 0x00000000ebf00000, 0x0000000100000000)
  eden space 131584K, 25% used [0x00000000e0000000,0x00000000e2138fd0,0x00000000e8080000)
  from space 16384K, 99% used [0x00000000e8080000,0x00000000e907aef8,0x00000000e9080000)
  to   space 20480K, 0% used [0x00000000eab00000,0x00000000eab00000,0x00000000ebf00000)
 ParOldGen       total 92160K, used 23538K [0x00000000a0000000, 0x00000000a5a00000, 0x00000000e0000000)
  object space 92160K, 25% used [0x00000000a0000000,0x00000000a16fcad0,0x00000000a5a00000)
 Metaspace       used 57191K, capacity 59014K, committed 59028K, reserved 1099776K
  class space    used 7799K, capacity 8188K, committed 8192K, reserved 1048576K
Event: 38.940 GC heap after
Heap after GC invocations=16 (full 2):
 PSYoungGen      total 175616K, used 10139K [0x00000000e0000000, 0x00000000eca80000, 0x0000000100000000)
  eden space 155136K, 0% used [0x00000000e0000000,0x00000000e0000000,0x00000000e9780000)
  from space 20480K, 49% used [0x00000000eab00000,0x00000000eb4e6df8,0x00000000ebf00000)
  to   space 19968K, 0% used [0x00000000e9780000,0x00000000e9780000,0x00000000eab00000)
 ParOldGen       total 92160K, used 30467K [0x00000000a0000000, 0x00000000a5a00000, 0x00000000e0000000)
  object space 92160K, 33% used [0x00000000a0000000,0x00000000a1dc0c18,0x00000000a5a00000)
 Metaspace       used 57191K, capacity 59014K, committed 59028K, reserved 1099776K
  class space    used 7799K, capacity 8188K, committed 8192K, reserved 1048576K
}
Event: 38.940 GC heap before
{Heap before GC invocations=17 (full 3):
 PSYoungGen      total 175616K, used 10139K [0x00000000e0000000, 0x00000000eca80000, 0x0000000100000000)
  eden space 155136K, 0% used [0x00000000e0000000,0x00000000e0000000,0x00000000e9780000)
  from space 20480K, 49% used [0x00000000eab00000,0x00000000eb4e6df8,0x00000000ebf00000)
  to   space 19968K, 0% used [0x00000000e9780000,0x00000000e9780000,0x00000000eab00000)
 ParOldGen       total 92160K, used 30467K [0x00000000a0000000, 0x00000000a5a00000, 0x00000000e0000000)
  object space 92160K, 33% used [0x00000000a0000000,0x00000000a1dc0c18,0x00000000a5a00000)
 Metaspace       used 57191K, capacity 59014K, committed 59028K, reserved 1099776K
  class space    used 7799K, capacity 8188K, committed 8192K, reserved 1048576K
Event: 39.159 GC heap after
Heap after GC invocations=17 (full 3):
 PSYoungGen      total 175616K, used 0K [0x00000000e0000000, 0x00000000eca80000, 0x0000000100000000)
  eden space 155136K, 0% used [0x00000000e0000000,0x00000000e0000000,0x00000000e9780000)
  from space 20480K, 0% used [0x00000000eab00000,0x00000000eab00000,0x00000000ebf00000)
  to   space 19968K, 0% used [0x00000000e9780000,0x00000000e9780000,0x00000000eab00000)
 ParOldGen       total 92160K, used 34429K [0x00000000a0000000, 0x00000000a5a00000, 0x00000000e0000000)
  object space 92160K, 37% used [0x00000000a0000000,0x00000000a219f528,0x00000000a5a00000)
 Metaspace       used 57190K, capacity 59008K, committed 59028K, reserved 1099776K
  class space    used 7799K, capacity 8187K, committed 8192K, reserved 1048576K
}

